# JRE version: OpenJDK Runtime Environment (8.0_252-b09) (build 1.8.0_252-b09)
# Java VM: OpenJDK 64-Bit Server VM (25.252-b09 mixed mode linux-amd64 compressed oops)
Heap:
 PSYoungGen      total 524800K, used 313K [0x0000000718d80000, 0x0000000739680000, 0x00000007c0000000)
  eden space 516096K, 0% used [0x0000000718d80000,0x0000000718d80000,0x0000000738580000)
  from space 8704K, 3% used [0x0000000738580000,0x00000007385ce610,0x0000000738e00000)
  to   space 8704K, 0% used [0x0000000738e00000,0x0000000738e00000,0x0000000739680000)
 ParOldGen       total 2038784K, used 1703366K [0x00000005ca800000, 0x0000000646f00000, 0x0000000718d80000)
  object space 2038784K, 83% used [0x00000005ca800000,0x0000000632771b28,0x0000000646f00000)
 Metaspace       used 15796K, capacity 16272K, committed 16512K, reserved 1062912K
  class space    used 2159K, capacity 2309K, committed 2432K, reserved 1048576K
GC Heap History (10 events):
Event: 3.702 GC heap after
Heap after GC invocations=2 (full 0):
 PSYoungGen      total 150016K, used 8299K [0x0000000718d80000, 0x000000072b280000, 0x00000007c0000000)
  eden space 129024K, 0% used [0x0000000718d80000,0x0000000718d80000,0x0000000720b80000)
  from space 20992K, 39% used [0x0000000722000000,0x000000072281aed8,0x0000000723480000)
  to   space 20992K, 0% used [0x0000000720b80000,0x0000000720b80000,0x0000000722000000)
 ParOldGen       total 2038784K, used 1695363K [0x00000005ca800000, 0x0000000646f00000, 0x0000000718d80000)
  object space 2038784K, 83% used [0x00000005ca800000,0x0000000631fa0cb8,0x0000000646f00000)
 Metaspace       used 15777K, capacity 16272K, committed 16512K, reserved 1062912K
  class space    used 2159K, capacity 2309K, committed 2432K, reserved 1048576K
}
Event: 4.435 GC heap before
{Heap before GC invocations=3 (full 0):
 PSYoungGen      total 150016K, used 137323K [0x0000000718d80000, 0x000000072b280000, 0x00000007c0000000)
  eden space 129024K, 100% used [0x0000000718d80000,0x0000000720b80000,0x0000000720b80000)
  from space 20992K, 39% used [0x0000000722000000,0x000000072281aed8,0x0000000723480000)
  to   space 20992K, 0% used [0x0000000720b80000,0x0000000720b80000,0x0000000722000000)
 ParOldGen       total 2038784K, used 1695363K [0x00000005ca800000, 0x0000000646f00000, 0x0000000718d80000)
  object space 2038784K, 83% used [0x00000005ca800000,0x0000000631fa0cb8,0x0000000646f00000)
 Metaspace       used 15796K, capacity 16272K, committed 16512K, reserved 1062912K
  class space    used 2159K, capacity 2309K, committed 2432K, reserved 1048576K
Event: 4.441 GC heap after
Heap after GC invocations=3 (full 0):
 PSYoungGen      total 150016K, used 8128K [0x0000000718d80000, 0x000000072b280000, 0x00000007c0000000)
  eden space 129024K, 0% used [0x0000000718d80000,0x0000000718d80000,0x0000000720b80000)
  from space 20992K, 38% used [0x0000000720b80000,0x00000007213700a8,0x0000000722000000)
  to   space 20992K, 0% used [0x0000000729e00000,0x0000000729e00000,0x000000072b280000)
 ParOldGen       total 2038784K, used 1695371K [0x00000005ca800000, 0x0000000646f00000, 0x0000000718d80000)
  object space 2038784K, 83% used [0x00000005ca800000,0x0000000631fa2cb8,0x0000000646f00000)
 Metaspace       used 15796K, capacity 16272K, committed 16512K, reserved 1062912K
  class space    used 2159K, capacity 2309K, committed 2432K, reserved 1048576K
}
Event: 5.594 GC heap before
{Heap before GC invocations=4 (full 0):
 PSYoungGen      total 150016K, used 137152K [0x0000000718d80000, 0x000000072b280000, 0x00000007c0000000)
  eden space 129024K, 100% used [0x0000000718d80000,0x0000000720b80000,0x0000000720b80000)
  from space 20992K, 38% used [0x0000000720b80000,0x00000007213700a8,0x0000000722000000)
  to   space 20992K, 0% used [0x0000000729e00000,0x0000000729e00000,0x000000072b280000)
 ParOldGen       total 2038784K, used 1695371K [0x00000005ca800000, 0x0000000646f00000, 0x0000000718d80000)
  object space 2038784K, 83% used [0x00000005ca800000,0x0000000631fa2cb8,0x0000000646f00000)
 Metaspace       used 15796K, capacity 16272K, committed 16512K, reserved 1062912K
  class space    used 2159K, capacity 2309K, committed 2432K, reserved 1048576K
Event: 5.637 GC heap after
Heap after GC invocations=4 (full 0):
 PSYoungGen      total 279040K, used 8174K [0x0000000718d80000, 0x000000072b280000, 0x00000007c0000000)
  eden space 258048K, 0% used [0x0000000718d80000,0x0000000718d80000,0x0000000728980000)
  from space 20992K, 38% used [0x0000000729e00000,0x000000072a5fbbc0,0x000000072b280000)
  to   space 20992K, 0% used [0x0000000728980000,0x0000000728980000,0x0000000729e00000)
 ParOldGen       total 2038784K, used 1695371K [0x00000005ca800000, 0x0000000646f00000, 0x0000000718d80000)
  object space 2038784K, 83% used [0x00000005ca800000,0x0000000631fa2cb8,0x0000000646f00000)
 Metaspace       used 15796K, capacity 16272K, committed 16512K, reserved 1062912K
  class space    used 2159K, capacity 2309K, committed 2432K, reserved 1048576K
}
Event: 10.231 GC heap before
{Heap before GC invocations=5 (full 0):
 PSYoungGen      total 279040K, used 266222K [0x0000000718d80000, 0x000000072b280000, 0x00000007c0000000)
  eden space 258048K, 100% used [0x0000000718d80000,0x0000000728980000,0x0000000728980000)
  from space 20992K, 38% used [0x0000000729e00000,0x000000072a5fbbc0,0x000000072b280000)
  to   space 20992K, 0% used [0x0000000728980000,0x0000000728980000,0x0000000729e00000)
 ParOldGen       total 2038784K, used 1695371K [0x00000005ca800000, 0x0000000646f00000, 0x0000000718d80000)
  object space 2038784K, 83% used [0x00000005ca800000,0x0000000631fa2cb8,0x0000000646f00000)
 Metaspace       used 15796K, capacity 16272K, committed 16512K, reserved 1062912K
  class space    used 2159K, capacity 2309K, committed 2432K, reserved 1048576K
Event: 10.311 GC heap after
Heap after GC invocations=5 (full 0):
 PSYoungGen      total 279040K, used 8053K [0x0000000718d80000, 0x0000000739680000, 0x00000007c0000000)
  eden space 258048K, 0% used [0x0000000718d80000,0x0000000718d80000,0x0000000728980000)
  from space 20992K, 38% used [0x0000000728980000,0x000000072915d5b0,0x0000000729e00000)
  to   space 8704K, 0% used [0x0000000738e00000,0x0000000738e00000,0x0000000739680000)
 ParOldGen       total 2038784K, used 1695379K [0x00000005ca800000, 0x0000000646f00000, 0x0000000718d80000)
  object space 2038784K, 83% used [0x00000005ca800000,0x0000000631fa4cb8,0x0000000646f00000)
 Metaspace       used 15796K, capacity 16272K, committed 16512K, reserved 1062912K
  class space    used 2159K, capacity 2309K, committed 2432K, reserved 1048576K
}
Event: 11.915 GC heap before
{Heap before GC invocations=6 (full 0):
 PSYoungGen      total 279040K, used 266101K [0x0000000718d80000, 0x0000000739680000, 0x00000007c0000000)
  eden space 258048K, 100% used [0x0000000718d80000,0x0000000728980000,0x0000000728980000)
  from space 20992K, 38% used [0x0000000728980000,0x000000072915d5b0,0x0000000729e00000)
  to   space 8704K, 0% used [0x0000000738e00000,0x0000000738e00000,0x0000000739680000)
 ParOldGen       total 2038784K, used 1695379K [0x00000005ca800000, 0x0000000646f00000, 0x0000000718d80000)
  object space 2038784K, 83% used [0x00000005ca800000,0x0000000631fa4cb8,0x0000000646f00000)
 Metaspace       used 15796K, capacity 16272K, committed 16512K, reserved 1062912K
  class space    used 2159K, capacity 2309K, committed 2432K, reserved 1048576K
Event: 12.016 GC heap after
Heap after GC invocations=6 (full 0):
 PSYoungGen      total 524800K, used 8114K [0x0000000718d80000, 0x0000000739680000, 0x00000007c0000000)
  eden space 516096K, 0% used [0x0000000718d80000,0x0000000718d80000,0x0000000738580000)
  from space 8704K, 93% used [0x0000000738e00000,0x00000007395ec8c8,0x0000000739680000)
  to   space 8704K, 0% used [0x0000000738580000,0x0000000738580000,0x0000000738e00000)
 ParOldGen       total 2038784K, used 1695387K [0x00000005ca800000, 0x0000000646f00000, 0x0000000718d80000)
  object space 2038784K, 83% used [0x00000005ca800000,0x0000000631fa6cb8,0x0000000646f00000)
 Metaspace       used 15796K, capacity 16272K, committed 16512K, reserved 1062912K
  class space    used 2159K, capacity 2309K, committed 2432K, reserved 1048576K
}
Event: 16.916 GC heap before
{Heap before GC invocations=7 (full 0):
 PSYoungGen      total 524800K, used 524210K [0x0000000718d80000, 0x0000000739680000, 0x00000007c0000000)
  eden space 516096K, 100% used [0x0000000718d80000,0x0000000738580000,0x0000000738580000)
  from space 8704K, 93% used [0x0000000738e00000,0x00000007395ec8c8,0x0000000739680000)
  to   space 8704K, 0% used [0x0000000738580000,0x0000000738580000,0x0000000738e00000)
 ParOldGen       total 2038784K, used 1695387K [0x00000005ca800000, 0x0000000646f00000, 0x0000000718d80000)
  object space 2038784K, 83% used [0x00000005ca800000,0x0000000631fa6cb8,0x0000000646f00000)
 Metaspace       used 15796K, capacity 16272K, committed 16512K, reserved 1062912K
  class space    used 2159K, capacity 2309K, committed 2432K, reserved 1048576K

